<?xml version="1.0" encoding="UTF-8"?>
<!-- Generated by org.testng.reporters.JUnitXMLReporter -->
<testsuite ignored="0" hostname="user-310" failures="0" tests="10" name="Smoke Tests" time="81.166" errors="0" timestamp="2026-05-11T16:28:11 IST">
  <testcase classname="tests.LoginTest" name="loginTest" time="4.167"/>
  <testcase classname="tests.InvalidPasswordTest" name="invalidPasswordTest" time="0.89"/>
  <testcase classname="tests.EmptyUsernameTest" name="emptyUsernameTest" time="0.514"/>
  <testcase classname="tests.EmptyPasswordTest" name="emptyPasswordTest" time="0.509"/>
  <testcase classname="tests.EmptyCredentialsTest" name="emptyCredentialsTest" time="0.458"/>
  <testcase classname="tests.LockedUserTest" name="lockedUserTest" time="2.209"/>
  <testcase classname="tests.VerifyInventoryPageTest" name="verifyInventoryPageTest" time="2.545"/>
  <testcase classname="tests.VerifyURLTest" name="verifyURLTest" time="2.58"/>
  <testcase classname="tests.VerifyLoginButtonTest" name="verifyLoginButtonTest" time="0.043"/>
  <testcase classname="tests.VerifyUsernameFieldTest" name="verifyUsernameFieldTest" time="1.68"/>
</testsuite> <!-- Smoke Tests -->
