<?xml version="1.0" encoding="UTF-8"?>
<testng-results ignored="0" total="10" passed="10" failed="0" skipped="0">
  <reporter-output>
  </reporter-output>
  <suite started-at="2026-05-11T16:26:49 IST" name="Suite" finished-at="2026-05-11T16:28:10 IST" duration-ms="81166">
    <groups>
    </groups>
    <test started-at="2026-05-11T16:26:49 IST" name="Smoke Tests" finished-at="2026-05-11T16:28:10 IST" duration-ms="81166">
      <class name="tests.EmptyUsernameTest">
        <test-method is-config="true" signature="setup()[pri:0, instance:tests.EmptyUsernameTest@34129c78]" started-at="2026-05-11T16:27:12 IST" name="setup" finished-at="2026-05-11T16:27:19 IST" duration-ms="7054" status="PASS">
          <reporter-output>
          </reporter-output>
        </test-method> <!-- setup -->
        <test-method signature="emptyUsernameTest()[pri:0, instance:tests.EmptyUsernameTest@34129c78]" started-at="2026-05-11T16:27:19 IST" name="emptyUsernameTest" finished-at="2026-05-11T16:27:19 IST" duration-ms="514" status="PASS">
          <reporter-output>
          </reporter-output>
        </test-method> <!-- emptyUsernameTest -->
        <test-method is-config="true" signature="tearDown()[pri:0, instance:tests.EmptyUsernameTest@34129c78]" started-at="2026-05-11T16:27:19 IST" name="tearDown" finished-at="2026-05-11T16:27:20 IST" duration-ms="358" status="PASS">
          <reporter-output>
          </reporter-output>
        </test-method> <!-- tearDown -->
      </class> <!-- tests.EmptyUsernameTest -->
      <class name="tests.LoginTest">
        <test-method is-config="true" signature="setup()[pri:0, instance:tests.LoginTest@1a5a4e19]" started-at="2026-05-11T16:26:49 IST" name="setup" finished-at="2026-05-11T16:26:59 IST" duration-ms="9641" status="PASS">
          <reporter-output>
          </reporter-output>
        </test-method> <!-- setup -->
        <test-method signature="loginTest()[pri:0, instance:tests.LoginTest@1a5a4e19]" started-at="2026-05-11T16:26:59 IST" name="loginTest" finished-at="2026-05-11T16:27:03 IST" duration-ms="4167" status="PASS">
          <reporter-output>
          </reporter-output>
        </test-method> <!-- loginTest -->
        <test-method is-config="true" signature="tearDown()[pri:0, instance:tests.LoginTest@1a5a4e19]" started-at="2026-05-11T16:27:03 IST" name="tearDown" finished-at="2026-05-11T16:27:04 IST" duration-ms="938" status="PASS">
          <reporter-output>
          </reporter-output>
        </test-method> <!-- tearDown -->
      </class> <!-- tests.LoginTest -->
      <class name="tests.EmptyCredentialsTest">
        <test-method is-config="true" signature="setup()[pri:0, instance:tests.EmptyCredentialsTest@222a59e6]" started-at="2026-05-11T16:27:27 IST" name="setup" finished-at="2026-05-11T16:27:34 IST" duration-ms="6477" status="PASS">
          <reporter-output>
          </reporter-output>
        </test-method> <!-- setup -->
        <test-method signature="emptyCredentialsTest()[pri:0, instance:tests.EmptyCredentialsTest@222a59e6]" started-at="2026-05-11T16:27:34 IST" name="emptyCredentialsTest" finished-at="2026-05-11T16:27:34 IST" duration-ms="458" status="PASS">
          <reporter-output>
          </reporter-output>
        </test-method> <!-- emptyCredentialsTest -->
        <test-method is-config="true" signature="tearDown()[pri:0, instance:tests.EmptyCredentialsTest@222a59e6]" started-at="2026-05-11T16:27:34 IST" name="tearDown" finished-at="2026-05-11T16:27:34 IST" duration-ms="206" status="PASS">
          <reporter-output>
          </reporter-output>
        </test-method> <!-- tearDown -->
      </class> <!-- tests.EmptyCredentialsTest -->
      <class name="tests.VerifyURLTest">
        <test-method is-config="true" signature="setup()[pri:0, instance:tests.VerifyURLTest@3e62d773]" started-at="2026-05-11T16:27:49 IST" name="setup" finished-at="2026-05-11T16:27:53 IST" duration-ms="4076" status="PASS">
          <reporter-output>
          </reporter-output>
        </test-method> <!-- setup -->
        <test-method signature="verifyURLTest()[pri:0, instance:tests.VerifyURLTest@3e62d773]" started-at="2026-05-11T16:27:53 IST" name="verifyURLTest" finished-at="2026-05-11T16:27:55 IST" duration-ms="2580" status="PASS">
          <reporter-output>
          </reporter-output>
        </test-method> <!-- verifyURLTest -->
        <test-method is-config="true" signature="tearDown()[pri:0, instance:tests.VerifyURLTest@3e62d773]" started-at="2026-05-11T16:27:55 IST" name="tearDown" finished-at="2026-05-11T16:27:56 IST" duration-ms="440" status="PASS">
          <reporter-output>
          </reporter-output>
        </test-method> <!-- tearDown -->
      </class> <!-- tests.VerifyURLTest -->
      <class name="tests.VerifyInventoryPageTest">
        <test-method is-config="true" signature="setup()[pri:0, instance:tests.VerifyInventoryPageTest@4c2bb6e0]" started-at="2026-05-11T16:27:41 IST" name="setup" finished-at="2026-05-11T16:27:46 IST" duration-ms="4706" status="PASS">
          <reporter-output>
          </reporter-output>
        </test-method> <!-- setup -->
        <test-method signature="verifyInventoryPageTest()[pri:0, instance:tests.VerifyInventoryPageTest@4c2bb6e0]" started-at="2026-05-11T16:27:46 IST" name="verifyInventoryPageTest" finished-at="2026-05-11T16:27:48 IST" duration-ms="2545" status="PASS">
          <reporter-output>
          </reporter-output>
        </test-method> <!-- verifyInventoryPageTest -->
        <test-method is-config="true" signature="tearDown()[pri:0, instance:tests.VerifyInventoryPageTest@4c2bb6e0]" started-at="2026-05-11T16:27:48 IST" name="tearDown" finished-at="2026-05-11T16:27:49 IST" duration-ms="513" status="PASS">
          <reporter-output>
          </reporter-output>
        </test-method> <!-- tearDown -->
      </class> <!-- tests.VerifyInventoryPageTest -->
      <class name="tests.LockedUserTest">
        <test-method is-config="true" signature="setup()[pri:0, instance:tests.LockedUserTest@6c7a164b]" started-at="2026-05-11T16:27:34 IST" name="setup" finished-at="2026-05-11T16:27:38 IST" duration-ms="4008" status="PASS">
          <reporter-output>
          </reporter-output>
        </test-method> <!-- setup -->
        <test-method signature="lockedUserTest()[pri:0, instance:tests.LockedUserTest@6c7a164b]" started-at="2026-05-11T16:27:38 IST" name="lockedUserTest" finished-at="2026-05-11T16:27:41 IST" duration-ms="2209" status="PASS">
          <reporter-output>
          </reporter-output>
        </test-method> <!-- lockedUserTest -->
        <test-method is-config="true" signature="tearDown()[pri:0, instance:tests.LockedUserTest@6c7a164b]" started-at="2026-05-11T16:27:41 IST" name="tearDown" finished-at="2026-05-11T16:27:41 IST" duration-ms="341" status="PASS">
          <reporter-output>
          </reporter-output>
        </test-method> <!-- tearDown -->
      </class> <!-- tests.LockedUserTest -->
      <class name="tests.InvalidPasswordTest">
        <test-method is-config="true" signature="setup()[pri:0, instance:tests.InvalidPasswordTest@53f3bdbd]" started-at="2026-05-11T16:27:04 IST" name="setup" finished-at="2026-05-11T16:27:10 IST" duration-ms="6311" status="PASS">
          <reporter-output>
          </reporter-output>
        </test-method> <!-- setup -->
        <test-method signature="invalidPasswordTest()[pri:0, instance:tests.InvalidPasswordTest@53f3bdbd]" started-at="2026-05-11T16:27:10 IST" name="invalidPasswordTest" finished-at="2026-05-11T16:27:11 IST" duration-ms="890" status="PASS">
          <reporter-output>
          </reporter-output>
        </test-method> <!-- invalidPasswordTest -->
        <test-method is-config="true" signature="tearDown()[pri:0, instance:tests.InvalidPasswordTest@53f3bdbd]" started-at="2026-05-11T16:27:11 IST" name="tearDown" finished-at="2026-05-11T16:27:12 IST" duration-ms="578" status="PASS">
          <reporter-output>
          </reporter-output>
        </test-method> <!-- tearDown -->
      </class> <!-- tests.InvalidPasswordTest -->
      <class name="tests.EmptyPasswordTest">
        <test-method is-config="true" signature="setup()[pri:0, instance:tests.EmptyPasswordTest@7d61eb55]" started-at="2026-05-11T16:27:20 IST" name="setup" finished-at="2026-05-11T16:27:26 IST" duration-ms="6695" status="PASS">
          <reporter-output>
          </reporter-output>
        </test-method> <!-- setup -->
        <test-method signature="emptyPasswordTest()[pri:0, instance:tests.EmptyPasswordTest@7d61eb55]" started-at="2026-05-11T16:27:26 IST" name="emptyPasswordTest" finished-at="2026-05-11T16:27:27 IST" duration-ms="509" status="PASS">
          <reporter-output>
          </reporter-output>
        </test-method> <!-- emptyPasswordTest -->
        <test-method is-config="true" signature="tearDown()[pri:0, instance:tests.EmptyPasswordTest@7d61eb55]" started-at="2026-05-11T16:27:27 IST" name="tearDown" finished-at="2026-05-11T16:27:27 IST" duration-ms="382" status="PASS">
          <reporter-output>
          </reporter-output>
        </test-method> <!-- tearDown -->
      </class> <!-- tests.EmptyPasswordTest -->
      <class name="tests.VerifyUsernameFieldTest">
        <test-method is-config="true" signature="setup()[pri:0, instance:tests.VerifyUsernameFieldTest@7283d3eb]" started-at="2026-05-11T16:28:03 IST" name="setup" finished-at="2026-05-11T16:28:08 IST" duration-ms="5208" status="PASS">
          <reporter-output>
          </reporter-output>
        </test-method> <!-- setup -->
        <test-method signature="verifyUsernameFieldTest()[pri:0, instance:tests.VerifyUsernameFieldTest@7283d3eb]" started-at="2026-05-11T16:28:08 IST" name="verifyUsernameFieldTest" finished-at="2026-05-11T16:28:10 IST" duration-ms="1680" status="PASS">
          <reporter-output>
          </reporter-output>
        </test-method> <!-- verifyUsernameFieldTest -->
        <test-method is-config="true" signature="tearDown()[pri:0, instance:tests.VerifyUsernameFieldTest@7283d3eb]" started-at="2026-05-11T16:28:10 IST" name="tearDown" finished-at="2026-05-11T16:28:10 IST" duration-ms="406" status="PASS">
          <reporter-output>
          </reporter-output>
        </test-method> <!-- tearDown -->
      </class> <!-- tests.VerifyUsernameFieldTest -->
      <class name="tests.VerifyLoginButtonTest">
        <test-method is-config="true" signature="setup()[pri:0, instance:tests.VerifyLoginButtonTest@4ef74c30]" started-at="2026-05-11T16:27:56 IST" name="setup" finished-at="2026-05-11T16:28:03 IST" duration-ms="6711" status="PASS">
          <reporter-output>
          </reporter-output>
        </test-method> <!-- setup -->
        <test-method signature="verifyLoginButtonTest()[pri:0, instance:tests.VerifyLoginButtonTest@4ef74c30]" started-at="2026-05-11T16:28:03 IST" name="verifyLoginButtonTest" finished-at="2026-05-11T16:28:03 IST" duration-ms="43" status="PASS">
          <reporter-output>
          </reporter-output>
        </test-method> <!-- verifyLoginButtonTest -->
        <test-method is-config="true" signature="tearDown()[pri:0, instance:tests.VerifyLoginButtonTest@4ef74c30]" started-at="2026-05-11T16:28:03 IST" name="tearDown" finished-at="2026-05-11T16:28:03 IST" duration-ms="427" status="PASS">
          <reporter-output>
          </reporter-output>
        </test-method> <!-- tearDown -->
      </class> <!-- tests.VerifyLoginButtonTest -->
    </test> <!-- Smoke Tests -->
  </suite> <!-- Suite -->
</testng-results>
